C166 COMPILER V7.00, IO                                                                    03/15/2019 15:27:40 PAGE 1   


C166 COMPILER V7.00, COMPILATION OF MODULE IO
OBJECT MODULE PLACED IN IO.OBJ
COMPILER INVOKED BY: F:\Softeware\Fury\Keil\C166\BIN\C166.EXE IO.C MODV2 BROWSE MODV2 DEBUG

 stmt lvl     source

    1         //****************************************************************************
    2         // @Module        Parallel Ports
    3         // @Filename      IO.C
    4         // @Project       test3.dav
    5         //----------------------------------------------------------------------------
    6         // @Controller    Infineon XC2267M-104F80
    7         //
    8         // @Compiler      Keil
    9         //
   10         // @Codegenerator 2.0
   11         //
   12         // @Description   This file contains functions that use the IO module.
   13         //
   14         //----------------------------------------------------------------------------
   15         // @Date          2018/11/1 16:59:45
   16         //
   17         //****************************************************************************
   18         
   19         // USER CODE BEGIN (IO_General,1)
   20         
   21         // USER CODE END
   22         
   23         
   24         
   25         //****************************************************************************
   26         // @Project Includes
   27         //****************************************************************************
   28         
   29         #include "MAIN.H"
   30         
   31         // USER CODE BEGIN (IO_General,2)
   32         
   33         // USER CODE END
   34         
   35         
   36         //****************************************************************************
   37         // @Macros
   38         //****************************************************************************
   39         
   40         // USER CODE BEGIN (IO_General,3)
   41         
   42         // USER CODE END
   43         
   44         
   45         //****************************************************************************
   46         // @Defines
   47         //****************************************************************************
   48         
   49         // USER CODE BEGIN (IO_General,4)
   50         
   51         // USER CODE END
   52         
   53         
   54         //****************************************************************************
   55         // @Typedefs
C166 COMPILER V7.00, IO                                                                    03/15/2019 15:27:40 PAGE 2   

   56         //****************************************************************************
   57         
   58         // USER CODE BEGIN (IO_General,5)
   59         
   60         // USER CODE END
   61         
   62         
   63         //****************************************************************************
   64         // @Imported Global Variables
   65         //****************************************************************************
   66         
   67         // USER CODE BEGIN (IO_General,6)
   68         
   69         // USER CODE END
   70         
   71         
   72         //****************************************************************************
   73         // @Global Variables
   74         //****************************************************************************
   75         
   76         // USER CODE BEGIN (IO_General,7)
   77         
   78         // USER CODE END
   79         
   80         
   81         //****************************************************************************
   82         // @External Prototypes
   83         //****************************************************************************
   84         
   85         // USER CODE BEGIN (IO_General,8)
   86         
   87         // USER CODE END
   88         
   89         
   90         //****************************************************************************
   91         // @Prototypes Of Local Functions
   92         //****************************************************************************
   93         
   94         // USER CODE BEGIN (IO_General,9)
   95         
   96         // USER CODE END
   97         
   98         
   99         //****************************************************************************
  100         // @Function      void IO_vInit(void) 
  101         //
  102         //----------------------------------------------------------------------------
  103         // @Description   This is the initialization function of the IO function 
  104         //                library. It is assumed that the SFRs used by this library 
  105         //                are in reset state. 
  106         //
  107         //----------------------------------------------------------------------------
  108         // @Returnvalue   None
  109         //
  110         //----------------------------------------------------------------------------
  111         // @Parameters    None
  112         //
  113         //----------------------------------------------------------------------------
  114         // @Date          2018/11/1
  115         //
  116         //****************************************************************************
  117         
C166 COMPILER V7.00, IO                                                                    03/15/2019 15:27:40 PAGE 3   

  118         // USER CODE BEGIN (IO_Function,1)
  119         
  120         // USER CODE END
  121         
  122         void IO_vInit(void)
  123         {
  124  1        // USER CODE BEGIN (IO_Function,2)
  125  1      
  126  1        // USER CODE END
  127  1      
  128  1      
  129  1        ///  -----------------------------------------------------------------------
  130  1        ///  Configuration of Port P0:
  131  1        ///  -----------------------------------------------------------------------
  132  1        ///  P0.4 is used as alternate input for the CAN1 Receive input(RXDC1B)
  133  1        ///  P0.5 is used as general purpose output
  134  1        ///  - push/pull output is selected
  135  1        ///  - the pin status is low level
  136  1        ///  P0.6 is used as alternate output for the CAN1 Transmit Output(TXDC1A)
  137  1        ///  - push/pull output is selected
  138  1      
  139  1        ///  P0.0 - P0.3 output driver characteristic: strong driver
  140  1        ///  P0.4 - P0.7 output driver characteristic: strong driver
  141  1      
  142  1        ///  P0.0 - P0.3 output edge characteristic: sharp edge mode
  143  1        ///  P0.4 - P0.7 output edge characteristic: sharp edge mode
  144  1      
  145  1        P0_IOCR05      =  0x0080;      // load port control register 5
  146  1      
  147  1        ///  -----------------------------------------------------------------------
  148  1        ///  Configuration of Port P1:
  149  1        ///  -----------------------------------------------------------------------
  150  1        ///  - no pin of port P1 is used
  151  1      
  152  1      
  153  1        ///  -----------------------------------------------------------------------
  154  1        ///  Configuration of Port P2:
  155  1        ///  -----------------------------------------------------------------------
  156  1        ///  P2.0 is used as alternate input for the CAN0 Receive input(RXDC0C)
  157  1        ///  P2.1 is used as alternate output for the CAN0 Transmit output(TXDC0C)
  158  1        ///  - push/pull output is selected
  159  1      
  160  1        ///  P2.0 - P2.3 output driver characteristic: strong driver
  161  1        ///  P2.4 - P2.7 output driver characteristic: strong driver
  162  1        ///  P2.8 - P2.13 output driver characteristic: strong driver
  163  1      
  164  1        ///  P2.0 - P2.3 output edge characteristic: sharp edge mode
  165  1        ///  P2.4 - P2.7 output edge characteristic: sharp edge mode
  166  1        ///  P2.8 - P2.13 output edge characteristic: sharp edge mode
  167  1      
  168  1      
  169  1        ///  -----------------------------------------------------------------------
  170  1        ///  Configuration of Port P4:
  171  1        ///  -----------------------------------------------------------------------
  172  1        ///  P4.2 is used as alternate output for the CAN2 Transmit output(TXDC2B)
  173  1        ///  - push/pull output is selected
  174  1        ///  P4.3 is used as alternate input for the CAN2 Receive inputA(RXDC2A)
  175  1      
  176  1        ///  P4.0 - P4.3 output driver characteristic: strong driver
  177  1      
  178  1        ///  P4.0 - P4.3 output edge characteristic: sharp edge mode
  179  1      
C166 COMPILER V7.00, IO                                                                    03/15/2019 15:27:40 PAGE 4   

  180  1      
  181  1        ///  -----------------------------------------------------------------------
  182  1        ///  Configuration of Port P5:
  183  1        ///  -----------------------------------------------------------------------
  184  1        ///  P5.10 is used as general input
  185  1        ///  P5.11 is used as general input
  186  1        ///  P5.13 is used as general input
  187  1        ///  P5.15 is used as general input
  188  1      
  189  1      
  190  1        ///  -----------------------------------------------------------------------
  191  1        ///  Configuration of Port P6:
  192  1        ///  -----------------------------------------------------------------------
  193  1        ///  P6.0 is used as general purpose output
  194  1        ///  - push/pull output is selected
  195  1        ///  - the pin status is low level
  196  1        ///  P6.1 is used as general input
  197  1        ///  - pull device is tristate 
  198  1      
  199  1        ///  P6.0 - P6.2 output driver characteristic: strong driver
  200  1      
  201  1        ///  P6.0 - P6.2 output edge characteristic: sharp edge mode
  202  1      
  203  1        P6_IOCR00      =  0x0080;      // load port control register 0
  204  1      
  205  1        ///  -----------------------------------------------------------------------
  206  1        ///  Configuration of Port P7:
  207  1        ///  -----------------------------------------------------------------------
  208  1        ///  P7.1 is used as general input
  209  1        ///  - pull device is tristate 
  210  1        ///  P7.2 is used as general input
  211  1        ///  - pull device is tristate 
  212  1      
  213  1        ///  P7.0 - P7.3 output driver characteristic: strong driver
  214  1        ///  P7.4 - P7.4 output driver characteristic: strong driver
  215  1      
  216  1        ///  P7.0 - P7.3 output edge characteristic: sharp edge mode
  217  1        ///  P7.4 - P7.4 output edge characteristic: sharp edge mode
  218  1      
  219  1      
  220  1        ///  -----------------------------------------------------------------------
  221  1        ///  Configuration of Port P10:
  222  1        ///  -----------------------------------------------------------------------
  223  1        ///  P10.3 is used as general purpose output
  224  1        ///  - push/pull output is selected
  225  1        ///  - the pin status is low level
  226  1        ///  P10.4 is used as general purpose output
  227  1        ///  - push/pull output is selected
  228  1        ///  - the pin status is low level
  229  1      
  230  1        ///  P10.0 - P10.3 output driver characteristic: strong driver
  231  1        ///  P10.4 - P10.7 output driver characteristic: strong driver
  232  1        ///  P10.8 - P10.11 output driver characteristic: strong driver
  233  1        ///  P10.12 - P10.15 output driver characteristic: strong driver
  234  1      
  235  1        ///  P10.0 - P10.3 output edge characteristic: sharp edge mode
  236  1        ///  P10.4 - P10.7 output edge characteristic: sharp edge mode
  237  1        ///  P10.8 - P10.11 output edge characteristic: sharp edge mode
  238  1        ///  P10.12 - P10.15 output edge characteristic: sharp edge mode
  239  1      
  240  1        P10_IOCR03     =  0x0080;      // load port control register 3
  241  1        P10_IOCR04     =  0x0080;      // load port control register 4
C166 COMPILER V7.00, IO                                                                    03/15/2019 15:27:40 PAGE 5   

  242  1      
  243  1        ///  -----------------------------------------------------------------------
  244  1        ///  Configuration of Port P15:
  245  1        ///  -----------------------------------------------------------------------
  246  1        ///  P15.0 is used as alternate input for the  Analog Input Pin (AN0)
  247  1        ///  P15.2 is used as alternate input for the  Analog Input Pin (AN2)
  248  1        ///  P15.4 is used as alternate input for the  Analog Input Pin (AN4)
  249  1      
  250  1      
  251  1      
  252  1        // USER CODE BEGIN (IO_Function,3)
  253  1      
  254  1        // USER CODE END
  255  1      
  256  1      } //  End of function IO_vInit
  257         
  258         
  259         
  260         
  261         // USER CODE BEGIN (IO_General,10)
  262         
  263         // USER CODE END
  264         


MODULE INFORMATION:   INITIALIZED  UNINITIALIZED
  CODE SIZE        =          22     --------
  NEAR-CONST SIZE  =    --------     --------
  FAR-CONST SIZE   =    --------     --------
  HUGE-CONST SIZE  =    --------     --------
  XHUGE-CONST SIZE =    --------     --------
  NEAR-DATA SIZE   =    --------     --------
  FAR-DATA SIZE    =    --------     --------
  XHUGE-DATA SIZE  =    --------     --------
  IDATA-DATA SIZE  =    --------     --------
  SDATA-DATA SIZE  =    --------     --------
  BDATA-DATA SIZE  =    --------     --------
  HUGE-DATA SIZE   =    --------     --------
  BIT SIZE         =    --------     --------
  INIT'L SIZE      =    --------     --------
END OF MODULE INFORMATION.


C166 COMPILATION COMPLETE.  0 WARNING(S),  0 ERROR(S)
